{"time":"2026-07-11 10:22:07,689","level":"INFO","component":"ebook-download","msg":"download worker started"}
{"time":"2026-07-11 10:23:24,800","level":"INFO","component":"ebook-download","msg":"download worker started"}
{"time":"2026-07-11 10:30:33,980","level":"INFO","component":"ebook-download","msg":"download worker started"}
{"time":"2026-07-11 10:43:49,551","level":"INFO","component":"ebook-download","msg":"download worker started"}
{"time":"2026-07-11 10:44:24,885","level":"INFO","component":"ebook-download","msg":"download worker started"}
{"time":"2026-07-11 10:45:06,305","level":"INFO","component":"ebook-download","msg":"download worker started"}
{"time":"2026-07-11 10:46:48,599","level":"ERROR","component":"ebook-download","msg":"upload failed job=1783766795930-0.mp3: Chat not found"}
{"time":"2026-07-11 10:46:48,602","level":"INFO","component":"ebook-download","msg":"deleted temp file: 1783766795930-0.mp3"}
{"time":"2026-07-11 10:46:48,602","level":"ERROR","component":"ebook-download","msg":"download worker error: Chat not found"}
Traceback (most recent call last):
  File "/root/ebook-translator/bot/workers/download_worker.py", line 61, in main
    await _upload_and_cleanup(cfg, chat_id, file_path, quality, log)
  File "/root/ebook-translator/bot/workers/download_worker.py", line 81, in _upload_and_cleanup
    await bot.send_audio(chat_id=chat_id, audio=f, title=file_path.stem)
  File "/root/ebook-translator/venv/lib/python3.12/site-packages/telegram/_bot.py", line 1557, in send_audio
    return await self._send_message(
           ^^^^^^^^^^^^^^^^^^^^^^^^^
  File "/root/ebook-translator/venv/lib/python3.12/site-packages/telegram/_bot.py", line 729, in _send_message
    result = await self._post(
             ^^^^^^^^^^^^^^^^^
  File "/root/ebook-translator/venv/lib/python3.12/site-packages/telegram/_bot.py", line 617, in _post
    return await self._do_post(
           ^^^^^^^^^^^^^^^^^^^^
  File "/root/ebook-translator/venv/lib/python3.12/site-packages/telegram/_bot.py", line 646, in _do_post
    result = await request.post(
             ^^^^^^^^^^^^^^^^^^^
  File "/root/ebook-translator/venv/lib/python3.12/site-packages/telegram/request/_baserequest.py", line 202, in post
    result = await self._request_wrapper(
             ^^^^^^^^^^^^^^^^^^^^^^^^^^^^
  File "/root/ebook-translator/venv/lib/python3.12/site-packages/telegram/request/_baserequest.py", line 383, in _request_wrapper
    raise BadRequest(message)
telegram.error.BadRequest: Chat not found
{"time":"2026-07-11 11:01:22,018","level":"INFO","component":"ebook-download","msg":"download worker started"}
{"time":"2026-07-11 11:02:43,730","level":"INFO","component":"ebook-download","msg":"uploaded job=1783767717714-0.mp3 chat=45899415 size=47989893"}
{"time":"2026-07-11 11:02:43,744","level":"INFO","component":"ebook-download","msg":"deleted temp file: 1783767717714-0.mp3"}
{"time":"2026-07-11 11:02:57,877","level":"INFO","component":"ebook-download","msg":"uploaded job=1783767742979-0.webm chat=45899415 size=69259186"}
{"time":"2026-07-11 11:02:57,895","level":"INFO","component":"ebook-download","msg":"deleted temp file: 1783767742979-0.webm"}
{"time":"2026-07-11 11:04:00,173","level":"INFO","component":"ebook-download","msg":"download worker started"}
{"time":"2026-07-11 11:06:42,619","level":"INFO","component":"ebook-download","msg":"download worker started"}
{"time":"2026-07-11 11:40:17,693","level":"INFO","component":"ebook-download","msg":"download worker started"}
{"time":"2026-07-11 11:45:31,074","level":"ERROR","component":"ebook-download","msg":"download worker error: Timed out"}
Traceback (most recent call last):
  File "/root/ebook-translator/venv/lib/python3.12/site-packages/httpx/_transports/default.py", line 101, in map_httpcore_exceptions
    yield
  File "/root/ebook-translator/venv/lib/python3.12/site-packages/httpx/_transports/default.py", line 394, in handle_async_request
    resp = await self._pool.handle_async_request(req)
           ^^^^^^^^^^^^^^^^^^^^^^^^^^^^^^^^^^^^^^^^^^
  File "/root/ebook-translator/venv/lib/python3.12/site-packages/httpcore/_async/connection_pool.py", line 256, in handle_async_request
    raise exc from None
  File "/root/ebook-translator/venv/lib/python3.12/site-packages/httpcore/_async/connection_pool.py", line 236, in handle_async_request
    response = await connection.handle_async_request(
               ^^^^^^^^^^^^^^^^^^^^^^^^^^^^^^^^^^^^^^
  File "/root/ebook-translator/venv/lib/python3.12/site-packages/httpcore/_async/connection.py", line 103, in handle_async_request
    return await self._connection.handle_async_request(request)
           ^^^^^^^^^^^^^^^^^^^^^^^^^^^^^^^^^^^^^^^^^^^^^^^^^^^^
  File "/root/ebook-translator/venv/lib/python3.12/site-packages/httpcore/_async/http11.py", line 136, in handle_async_request
    raise exc
  File "/root/ebook-translator/venv/lib/python3.12/site-packages/httpcore/_async/http11.py", line 106, in handle_async_request
    ) = await self._receive_response_headers(**kwargs)
        ^^^^^^^^^^^^^^^^^^^^^^^^^^^^^^^^^^^^^^^^^^^^^^
  File "/root/ebook-translator/venv/lib/python3.12/site-packages/httpcore/_async/http11.py", line 177, in _receive_response_headers
    event = await self._receive_event(timeout=timeout)
            ^^^^^^^^^^^^^^^^^^^^^^^^^^^^^^^^^^^^^^^^^^
  File "/root/ebook-translator/venv/lib/python3.12/site-packages/httpcore/_async/http11.py", line 217, in _receive_event
    data = await self._network_stream.read(
           ^^^^^^^^^^^^^^^^^^^^^^^^^^^^^^^^
  File "/root/ebook-translator/venv/lib/python3.12/site-packages/httpcore/_backends/anyio.py", line 32, in read
    with map_exceptions(exc_map):
  File "/usr/lib/python3.12/contextlib.py", line 158, in __exit__
    self.gen.throw(value)
  File "/root/ebook-translator/venv/lib/python3.12/site-packages/httpcore/_exceptions.py", line 14, in map_exceptions
    raise to_exc(exc) from exc
httpcore.ReadTimeout

The above exception was the direct cause of the following exception:

Traceback (most recent call last):
  File "/root/ebook-translator/venv/lib/python3.12/site-packages/telegram/request/_httpxrequest.py", line 293, in do_request
    res = await self._client.request(
          ^^^^^^^^^^^^^^^^^^^^^^^^^^^
  File "/root/ebook-translator/venv/lib/python3.12/site-packages/httpx/_client.py", line 1540, in request
    return await self.send(request, auth=auth, follow_redirects=follow_redirects)
           ^^^^^^^^^^^^^^^^^^^^^^^^^^^^^^^^^^^^^^^^^^^^^^^^^^^^^^^^^^^^^^^^^^^^^^
  File "/root/ebook-translator/venv/lib/python3.12/site-packages/httpx/_client.py", line 1629, in send
    response = await self._send_handling_auth(
               ^^^^^^^^^^^^^^^^^^^^^^^^^^^^^^^
  File "/root/ebook-translator/venv/lib/python3.12/site-packages/httpx/_client.py", line 1657, in _send_handling_auth
    response = await self._send_handling_redirects(
               ^^^^^^^^^^^^^^^^^^^^^^^^^^^^^^^^^^^^
  File "/root/ebook-translator/venv/lib/python3.12/site-packages/httpx/_client.py", line 1694, in _send_handling_redirects
    response = await self._send_single_request(request)
               ^^^^^^^^^^^^^^^^^^^^^^^^^^^^^^^^^^^^^^^^
  File "/root/ebook-translator/venv/lib/python3.12/site-packages/httpx/_client.py", line 1730, in _send_single_request
    response = await transport.handle_async_request(request)
               ^^^^^^^^^^^^^^^^^^^^^^^^^^^^^^^^^^^^^^^^^^^^^
  File "/root/ebook-translator/venv/lib/python3.12/site-packages/httpx/_transports/default.py", line 393, in handle_async_request
    with map_httpcore_exceptions():
  File "/usr/lib/python3.12/contextlib.py", line 158, in __exit__
    self.gen.throw(value)
  File "/root/ebook-translator/venv/lib/python3.12/site-packages/httpx/_transports/default.py", line 118, in map_httpcore_exceptions
    raise mapped_exc(message) from exc
httpx.ReadTimeout

The above exception was the direct cause of the following exception:

Traceback (most recent call last):
  File "/root/ebook-translator/bot/workers/download_worker.py", line 57, in main
    await _handle_youtube(cfg, r, stream, msg_id, chat_id, url, quality, job_id)
  File "/root/ebook-translator/bot/workers/download_worker.py", line 89, in _handle_youtube
    await bot.send_video(chat_id=chat_id, video=f, supports_streaming=True)
  File "/root/ebook-translator/venv/lib/python3.12/site-packages/telegram/_bot.py", line 2014, in send_video
    return await self._send_message(
           ^^^^^^^^^^^^^^^^^^^^^^^^^
  File "/root/ebook-translator/venv/lib/python3.12/site-packages/telegram/_bot.py", line 729, in _send_message
    result = await self._post(
             ^^^^^^^^^^^^^^^^^
  File "/root/ebook-translator/venv/lib/python3.12/site-packages/telegram/_bot.py", line 617, in _post
    return await self._do_post(
           ^^^^^^^^^^^^^^^^^^^^
  File "/root/ebook-translator/venv/lib/python3.12/site-packages/telegram/_bot.py", line 646, in _do_post
    result = await request.post(
             ^^^^^^^^^^^^^^^^^^^
  File "/root/ebook-translator/venv/lib/python3.12/site-packages/telegram/request/_baserequest.py", line 202, in post
    result = await self._request_wrapper(
             ^^^^^^^^^^^^^^^^^^^^^^^^^^^^
  File "/root/ebook-translator/venv/lib/python3.12/site-packages/telegram/request/_baserequest.py", line 334, in _request_wrapper
    code, payload = await self.do_request(
                    ^^^^^^^^^^^^^^^^^^^^^^
  File "/root/ebook-translator/venv/lib/python3.12/site-packages/telegram/request/_httpxrequest.py", line 310, in do_request
    raise TimedOut from err
telegram.error.TimedOut: Timed out
